2024-05-07T08:38:21.048+05:30  INFO 21112 --- [ibm-springboot-demo] [RMI TCP Connection(411)-127.0.0.1] inMXBeanRegistrar$SpringApplicationAdmin : Application shutdown requested.
2024-05-07T08:42:14.484+05:30  INFO 26800 --- [ibm-springboot-demo] [restartedMain] com.ibm.springboot.demo.App              : Starting App using Java 17.0.10 with PID 26800 (C:\Users\YuvrajJR\Desktop\FSD\ReactAssignment\ibm-springboot-demo\target\classes started by YuvrajJR in C:\Users\YuvrajJR\Desktop\FSD\ReactAssignment\ibm-springboot-demo)
2024-05-07T08:42:14.485+05:30  INFO 26800 --- [ibm-springboot-demo] [restartedMain] com.ibm.springboot.demo.App              : No active profile set, falling back to 1 default profile: "default"
2024-05-07T08:42:14.523+05:30  INFO 26800 --- [ibm-springboot-demo] [restartedMain] .e.DevToolsPropertyDefaultsPostProcessor : Devtools property defaults active! Set 'spring.devtools.add-properties' to 'false' to disable
2024-05-07T08:42:14.524+05:30  INFO 26800 --- [ibm-springboot-demo] [restartedMain] .e.DevToolsPropertyDefaultsPostProcessor : For additional web related logging consider setting the 'logging.level.web' property to 'DEBUG'
2024-05-07T08:42:15.219+05:30  INFO 26800 --- [ibm-springboot-demo] [restartedMain] .s.d.r.c.RepositoryConfigurationDelegate : Bootstrapping Spring Data MongoDB repositories in DEFAULT mode.
2024-05-07T08:42:15.255+05:30  INFO 26800 --- [ibm-springboot-demo] [restartedMain] .s.d.r.c.RepositoryConfigurationDelegate : Finished Spring Data repository scanning in 33 ms. Found 2 MongoDB repository interfaces.
2024-05-07T08:42:15.752+05:30  INFO 26800 --- [ibm-springboot-demo] [restartedMain] o.s.b.w.embedded.tomcat.TomcatWebServer  : Tomcat initialized with port 8081 (http)
2024-05-07T08:42:15.760+05:30  INFO 26800 --- [ibm-springboot-demo] [restartedMain] o.apache.catalina.core.StandardService   : Starting service [Tomcat]
2024-05-07T08:42:15.760+05:30  INFO 26800 --- [ibm-springboot-demo] [restartedMain] o.apache.catalina.core.StandardEngine    : Starting Servlet engine: [Apache Tomcat/10.1.19]
2024-05-07T08:42:15.800+05:30  INFO 26800 --- [ibm-springboot-demo] [restartedMain] o.a.c.c.C.[Tomcat].[localhost].[/]       : Initializing Spring embedded WebApplicationContext
2024-05-07T08:42:15.801+05:30  INFO 26800 --- [ibm-springboot-demo] [restartedMain] w.s.c.ServletWebServerApplicationContext : Root WebApplicationContext: initialization completed in 1277 ms
2024-05-07T08:42:16.091+05:30  INFO 26800 --- [ibm-springboot-demo] [restartedMain] org.mongodb.driver.client                : MongoClient with metadata {"driver": {"name": "mongo-java-driver|sync|spring-boot", "version": "4.11.1"}, "os": {"type": "Windows", "name": "Windows 11", "architecture": "amd64", "version": "10.0"}, "platform": "Java/Eclipse Adoptium/17.0.10+7"} created with settings MongoClientSettings{readPreference=primary, writeConcern=WriteConcern{w=null, wTimeout=null ms, journal=null}, retryWrites=true, retryReads=true, readConcern=ReadConcern{level=null}, credential=null, transportSettings=null, streamFactoryFactory=null, commandListeners=[io.micrometer.core.instrument.binder.mongodb.MongoMetricsCommandListener@4a3ab18e], codecRegistry=ProvidersCodecRegistry{codecProviders=[ValueCodecProvider{}, BsonValueCodecProvider{}, DBRefCodecProvider{}, DBObjectCodecProvider{}, DocumentCodecProvider{}, CollectionCodecProvider{}, IterableCodecProvider{}, MapCodecProvider{}, GeoJsonCodecProvider{}, GridFSFileCodecProvider{}, Jsr310CodecProvider{}, JsonObjectCodecProvider{}, BsonCodecProvider{}, EnumCodecProvider{}, com.mongodb.client.model.mql.ExpressionCodecProvider@28e5f3b9, com.mongodb.Jep395RecordCodecProvider@4dfbd52e, com.mongodb.KotlinCodecProvider@7b2d368d]}, loggerSettings=LoggerSettings{maxDocumentLength=1000}, clusterSettings={hosts=[localhost:27017], srvServiceName=mongodb, mode=SINGLE, requiredClusterType=UNKNOWN, requiredReplicaSetName='null', serverSelector='null', clusterListeners='[]', serverSelectionTimeout='30000 ms', localThreshold='15 ms'}, socketSettings=SocketSettings{connectTimeoutMS=10000, readTimeoutMS=0, receiveBufferSize=0, proxySettings=ProxySettings{host=null, port=null, username=null, password=null}}, heartbeatSocketSettings=SocketSettings{connectTimeoutMS=10000, readTimeoutMS=10000, receiveBufferSize=0, proxySettings=ProxySettings{host=null, port=null, username=null, password=null}}, connectionPoolSettings=ConnectionPoolSettings{maxSize=100, minSize=0, maxWaitTimeMS=120000, maxConnectionLifeTimeMS=0, maxConnectionIdleTimeMS=0, maintenanceInitialDelayMS=0, maintenanceFrequencyMS=60000, connectionPoolListeners=[io.micrometer.core.instrument.binder.mongodb.MongoMetricsConnectionPoolListener@64844ea7], maxConnecting=2}, serverSettings=ServerSettings{heartbeatFrequencyMS=10000, minHeartbeatFrequencyMS=500, serverListeners='[]', serverMonitorListeners='[]'}, sslSettings=SslSettings{enabled=false, invalidHostNameAllowed=false, context=null}, applicationName='null', compressorList=[], uuidRepresentation=JAVA_LEGACY, serverApi=null, autoEncryptionSettings=null, dnsClient=null, inetAddressResolver=null, contextProvider=null}
2024-05-07T08:42:16.104+05:30  INFO 26800 --- [ibm-springboot-demo] [cluster-ClusterId{value='66399c10d0450a58889335ac', description='null'}-localhost:27017] org.mongodb.driver.cluster               : Monitor thread successfully connected to server with description ServerDescription{address=localhost:27017, type=STANDALONE, state=CONNECTED, ok=true, minWireVersion=0, maxWireVersion=21, maxDocumentSize=16777216, logicalSessionTimeoutMinutes=30, roundTripTimeNanos=15361400}
2024-05-07T08:42:16.239+05:30  INFO 26800 --- [ibm-springboot-demo] [restartedMain] o.s.b.d.a.OptionalLiveReloadServer       : LiveReload server is running on port 35729
2024-05-07T08:42:16.713+05:30  INFO 26800 --- [ibm-springboot-demo] [restartedMain] o.s.b.a.w.s.WelcomePageHandlerMapping    : Adding welcome page template: index
2024-05-07T08:42:17.545+05:30  INFO 26800 --- [ibm-springboot-demo] [restartedMain] o.s.b.a.e.web.EndpointLinksResolver      : Exposing 14 endpoint(s) beneath base path '/actuator'
2024-05-07T08:42:17.613+05:30  INFO 26800 --- [ibm-springboot-demo] [restartedMain] o.s.b.w.embedded.tomcat.TomcatWebServer  : Tomcat started on port 8081 (http) with context path ''
2024-05-07T08:42:17.623+05:30  INFO 26800 --- [ibm-springboot-demo] [restartedMain] com.ibm.springboot.demo.App              : Started App in 3.496 seconds (process running for 4.143)
2024-05-07T08:42:17.629+05:30  INFO 26800 --- [ibm-springboot-demo] [restartedMain] com.ibm.springboot.demo.App              : STARTED..
2024-05-07T08:42:18.041+05:30  INFO 26800 --- [ibm-springboot-demo] [RMI TCP Connection(9)-127.0.0.1] o.a.c.c.C.[Tomcat].[localhost].[/]       : Initializing Spring DispatcherServlet 'dispatcherServlet'
2024-05-07T08:42:18.041+05:30  INFO 26800 --- [ibm-springboot-demo] [RMI TCP Connection(9)-127.0.0.1] o.s.web.servlet.DispatcherServlet        : Initializing Servlet 'dispatcherServlet'
2024-05-07T08:42:18.042+05:30  INFO 26800 --- [ibm-springboot-demo] [RMI TCP Connection(9)-127.0.0.1] o.s.web.servlet.DispatcherServlet        : Completed initialization in 0 ms
2024-05-07T08:42:48.811+05:30  INFO 26800 --- [ibm-springboot-demo] [http-nio-8081-exec-1] c.i.s.demo.aspect.EmployeeServiceAspect  : List com.ibm.springboot.demo.service.EmployeeServiceImpl.getAllEmployees()
2024-05-07T08:42:48.811+05:30  INFO 26800 --- [ibm-springboot-demo] [http-nio-8081-exec-1] c.i.s.demo.aspect.EmployeeServiceAspect  : com.ibm.springboot.demo.service.EmployeeServiceImpl@181f31b
2024-05-07T08:42:48.811+05:30  INFO 26800 --- [ibm-springboot-demo] [http-nio-8081-exec-1] c.i.s.demo.service.EmployeeServiceImpl   : getAllEmployees
2024-05-07T08:42:48.986+05:30  INFO 26800 --- [ibm-springboot-demo] [http-nio-8081-exec-1] c.i.s.demo.aspect.EmployeeServiceAspect  : Data returned sucessfully
2024-05-07T08:42:49.026+05:30  INFO 26800 --- [ibm-springboot-demo] [http-nio-8081-exec-2] c.i.s.demo.aspect.EmployeeServiceAspect  : List com.ibm.springboot.demo.service.EmployeeServiceImpl.getAllEmployees()
2024-05-07T08:42:49.026+05:30  INFO 26800 --- [ibm-springboot-demo] [http-nio-8081-exec-2] c.i.s.demo.aspect.EmployeeServiceAspect  : com.ibm.springboot.demo.service.EmployeeServiceImpl@181f31b
2024-05-07T08:42:49.026+05:30  INFO 26800 --- [ibm-springboot-demo] [http-nio-8081-exec-2] c.i.s.demo.service.EmployeeServiceImpl   : getAllEmployees
2024-05-07T08:42:49.036+05:30  INFO 26800 --- [ibm-springboot-demo] [http-nio-8081-exec-2] c.i.s.demo.aspect.EmployeeServiceAspect  : Data returned sucessfully
2024-05-07T08:46:40.218+05:30  INFO 26800 --- [ibm-springboot-demo] [RMI TCP Connection(15)-127.0.0.1] inMXBeanRegistrar$SpringApplicationAdmin : Application shutdown requested.
